<?xml version="1.0" encoding="UTF-8"?>
<testng-results skipped="0" failed="0" total="1" passed="1">
  <reporter-output>
  </reporter-output>
  <suite name="Suite" duration-ms="46288" started-at="2019-01-02T18:47:45Z" finished-at="2019-01-02T18:48:31Z">
    <groups>
    </groups>
    <test name="Test" duration-ms="46288" started-at="2019-01-02T18:47:45Z" finished-at="2019-01-02T18:48:31Z">
      <class name="com.MavenActitime.CreatecustomerTest.CustomerTest">
        <test-method status="PASS" signature="ConfigBS()[pri:0, instance:com.MavenActitime.CreatecustomerTest.CustomerTest@6d00a15d]" name="ConfigBS" is-config="true" duration-ms="16" started-at="2019-01-03T00:17:45Z" finished-at="2019-01-03T00:17:45Z">
          <reporter-output>
          </reporter-output>
        </test-method> <!-- ConfigBS -->
        <test-method status="PASS" signature="ConfigBC()[pri:0, instance:com.MavenActitime.CreatecustomerTest.CustomerTest@6d00a15d]" name="ConfigBC" is-config="true" duration-ms="14083" started-at="2019-01-03T00:17:45Z" finished-at="2019-01-03T00:17:59Z">
          <reporter-output>
          </reporter-output>
        </test-method> <!-- ConfigBC -->
        <test-method status="PASS" signature="ConfigBM()[pri:0, instance:com.MavenActitime.CreatecustomerTest.CustomerTest@6d00a15d]" name="ConfigBM" is-config="true" duration-ms="6885" started-at="2019-01-03T00:17:59Z" finished-at="2019-01-03T00:18:06Z">
          <reporter-output>
          </reporter-output>
        </test-method> <!-- ConfigBM -->
        <test-method status="PASS" signature="Createcustomertest()[pri:0, instance:com.MavenActitime.CreatecustomerTest.CustomerTest@6d00a15d]" name="Createcustomertest" duration-ms="16902" started-at="2019-01-03T00:18:06Z" finished-at="2019-01-03T00:18:23Z">
          <reporter-output>
          </reporter-output>
        </test-method> <!-- Createcustomertest -->
        <test-method status="PASS" signature="ConfigAM()[pri:0, instance:com.MavenActitime.CreatecustomerTest.CustomerTest@6d00a15d]" name="ConfigAM" is-config="true" duration-ms="4684" started-at="2019-01-03T00:18:23Z" finished-at="2019-01-03T00:18:28Z">
          <reporter-output>
          </reporter-output>
        </test-method> <!-- ConfigAM -->
        <test-method status="PASS" signature="ConfigAC()[pri:0, instance:com.MavenActitime.CreatecustomerTest.CustomerTest@6d00a15d]" name="ConfigAC" is-config="true" duration-ms="3715" started-at="2019-01-03T00:18:28Z" finished-at="2019-01-03T00:18:31Z">
          <reporter-output>
          </reporter-output>
        </test-method> <!-- ConfigAC -->
        <test-method status="PASS" signature="ConfigAS()[pri:0, instance:com.MavenActitime.CreatecustomerTest.CustomerTest@6d00a15d]" name="ConfigAS" is-config="true" duration-ms="34" started-at="2019-01-03T00:18:32Z" finished-at="2019-01-03T00:18:32Z">
          <reporter-output>
          </reporter-output>
        </test-method> <!-- ConfigAS -->
      </class> <!-- com.MavenActitime.CreatecustomerTest.CustomerTest -->
    </test> <!-- Test -->
  </suite> <!-- Suite -->
</testng-results>
